{"numFailedTestSuites":5,"numFailedTests":0,"numPassedTestSuites":0,"numPassedTests":0,"numPendingTestSuites":0,"numPendingTests":0,"numRuntimeErrorTestSuites":5,"numTodoTests":0,"numTotalTestSuites":5,"numTotalTests":0,"openHandles":[],"snapshot":{"added":0,"didUpdate":false,"failure":false,"filesAdded":0,"filesRemoved":0,"filesRemovedList":[],"filesUnmatched":0,"filesUpdated":0,"matched":0,"total":0,"unchecked":0,"uncheckedKeysByFile":[],"unmatched":0,"updated":0},"startTime":1748737631556,"success":false,"testResults":[{"assertionResults":[],"coverage":{},"endTime":1748737633643,"message":"  \u001b[1m● \u001b[22mTest suite failed to run\n\n    Cannot find module 'react-helmet' from 'src/setupTests.js'\n\n    \u001b[0m \u001b[90m 3 |\u001b[39m global\u001b[33m.\u001b[39malert \u001b[33m=\u001b[39m jest\u001b[33m.\u001b[39mfn()\u001b[33m;\u001b[39m\n     \u001b[90m 4 |\u001b[39m\n    \u001b[31m\u001b[1m>\u001b[22m\u001b[39m\u001b[90m 5 |\u001b[39m jest\u001b[33m.\u001b[39mmock(\u001b[32m'react-helmet'\u001b[39m\u001b[33m,\u001b[39m () \u001b[33m=>\u001b[39m ({\n     \u001b[90m   |\u001b[39m      \u001b[31m\u001b[1m^\u001b[22m\u001b[39m\n     \u001b[90m 6 |\u001b[39m   \u001b[33mHelmet\u001b[39m\u001b[33m:\u001b[39m () \u001b[33m=>\u001b[39m \u001b[36mnull\u001b[39m\u001b[33m,\u001b[39m\n     \u001b[90m 7 |\u001b[39m }))\u001b[33m;\u001b[39m\n     \u001b[90m 8 |\u001b[39m\u001b[0m\n\n      \u001b[2mat Resolver.resolveModule (\u001b[22mnode_modules/jest-resolve/build/resolver.js\u001b[2m:324:11)\u001b[22m\n      \u001b[2mat Object.<anonymous> (\u001b[22msrc/setupTests.js\u001b[2m:5:6)\u001b[22m\n","name":"/Users/catherinepemblington/Documents/GitHub/web/web/src/tests/AI_Solution.test.js","startTime":1748737633643,"status":"failed","summary":""},{"assertionResults":[],"coverage":{},"endTime":1748737633643,"message":"  \u001b[1m● \u001b[22mTest suite failed to run\n\n    Cannot find module 'react-helmet' from 'src/setupTests.js'\n\n    \u001b[0m \u001b[90m 3 |\u001b[39m global\u001b[33m.\u001b[39malert \u001b[33m=\u001b[39m jest\u001b[33m.\u001b[39mfn()\u001b[33m;\u001b[39m\n     \u001b[90m 4 |\u001b[39m\n    \u001b[31m\u001b[1m>\u001b[22m\u001b[39m\u001b[90m 5 |\u001b[39m jest\u001b[33m.\u001b[39mmock(\u001b[32m'react-helmet'\u001b[39m\u001b[33m,\u001b[39m () \u001b[33m=>\u001b[39m ({\n     \u001b[90m   |\u001b[39m      \u001b[31m\u001b[1m^\u001b[22m\u001b[39m\n     \u001b[90m 6 |\u001b[39m   \u001b[33mHelmet\u001b[39m\u001b[33m:\u001b[39m () \u001b[33m=>\u001b[39m \u001b[36mnull\u001b[39m\u001b[33m,\u001b[39m\n     \u001b[90m 7 |\u001b[39m }))\u001b[33m;\u001b[39m\n     \u001b[90m 8 |\u001b[39m\u001b[0m\n\n      \u001b[2mat Resolver.resolveModule (\u001b[22mnode_modules/jest-resolve/build/resolver.js\u001b[2m:324:11)\u001b[22m\n      \u001b[2mat Object.<anonymous> (\u001b[22msrc/setupTests.js\u001b[2m:5:6)\u001b[22m\n","name":"/Users/catherinepemblington/Documents/GitHub/web/web/src/App.test.js","startTime":1748737633643,"status":"failed","summary":""},{"assertionResults":[],"coverage":{},"endTime":1748737633643,"message":"  \u001b[1m● \u001b[22mTest suite failed to run\n\n    Cannot find module 'react-helmet' from 'src/setupTests.js'\n\n    \u001b[0m \u001b[90m 3 |\u001b[39m global\u001b[33m.\u001b[39malert \u001b[33m=\u001b[39m jest\u001b[33m.\u001b[39mfn()\u001b[33m;\u001b[39m\n     \u001b[90m 4 |\u001b[39m\n    \u001b[31m\u001b[1m>\u001b[22m\u001b[39m\u001b[90m 5 |\u001b[39m jest\u001b[33m.\u001b[39mmock(\u001b[32m'react-helmet'\u001b[39m\u001b[33m,\u001b[39m () \u001b[33m=>\u001b[39m ({\n     \u001b[90m   |\u001b[39m      \u001b[31m\u001b[1m^\u001b[22m\u001b[39m\n     \u001b[90m 6 |\u001b[39m   \u001b[33mHelmet\u001b[39m\u001b[33m:\u001b[39m () \u001b[33m=>\u001b[39m \u001b[36mnull\u001b[39m\u001b[33m,\u001b[39m\n     \u001b[90m 7 |\u001b[39m }))\u001b[33m;\u001b[39m\n     \u001b[90m 8 |\u001b[39m\u001b[0m\n\n      \u001b[2mat Resolver.resolveModule (\u001b[22mnode_modules/jest-resolve/build/resolver.js\u001b[2m:324:11)\u001b[22m\n      \u001b[2mat Object.<anonymous> (\u001b[22msrc/setupTests.js\u001b[2m:5:6)\u001b[22m\n","name":"/Users/catherinepemblington/Documents/GitHub/web/web/src/tests/HomePage.test.js","startTime":1748737633643,"status":"failed","summary":""},{"assertionResults":[],"coverage":{},"endTime":1748737633643,"message":"  \u001b[1m● \u001b[22mTest suite failed to run\n\n    Cannot find module 'react-helmet' from 'src/setupTests.js'\n\n    \u001b[0m \u001b[90m 3 |\u001b[39m global\u001b[33m.\u001b[39malert \u001b[33m=\u001b[39m jest\u001b[33m.\u001b[39mfn()\u001b[33m;\u001b[39m\n     \u001b[90m 4 |\u001b[39m\n    \u001b[31m\u001b[1m>\u001b[22m\u001b[39m\u001b[90m 5 |\u001b[39m jest\u001b[33m.\u001b[39mmock(\u001b[32m'react-helmet'\u001b[39m\u001b[33m,\u001b[39m () \u001b[33m=>\u001b[39m ({\n     \u001b[90m   |\u001b[39m      \u001b[31m\u001b[1m^\u001b[22m\u001b[39m\n     \u001b[90m 6 |\u001b[39m   \u001b[33mHelmet\u001b[39m\u001b[33m:\u001b[39m () \u001b[33m=>\u001b[39m \u001b[36mnull\u001b[39m\u001b[33m,\u001b[39m\n     \u001b[90m 7 |\u001b[39m }))\u001b[33m;\u001b[39m\n     \u001b[90m 8 |\u001b[39m\u001b[0m\n\n      \u001b[2mat Resolver.resolveModule (\u001b[22mnode_modules/jest-resolve/build/resolver.js\u001b[2m:324:11)\u001b[22m\n      \u001b[2mat Object.<anonymous> (\u001b[22msrc/setupTests.js\u001b[2m:5:6)\u001b[22m\n","name":"/Users/catherinepemblington/Documents/GitHub/web/web/src/tests/ContactPage.test.js","startTime":1748737633643,"status":"failed","summary":""},{"assertionResults":[],"coverage":{},"endTime":1748737633643,"message":"  \u001b[1m● \u001b[22mTest suite failed to run\n\n    Cannot find module 'react-helmet' from 'src/setupTests.js'\n\n    \u001b[0m \u001b[90m 3 |\u001b[39m global\u001b[33m.\u001b[39malert \u001b[33m=\u001b[39m jest\u001b[33m.\u001b[39mfn()\u001b[33m;\u001b[39m\n     \u001b[90m 4 |\u001b[39m\n    \u001b[31m\u001b[1m>\u001b[22m\u001b[39m\u001b[90m 5 |\u001b[39m jest\u001b[33m.\u001b[39mmock(\u001b[32m'react-helmet'\u001b[39m\u001b[33m,\u001b[39m () \u001b[33m=>\u001b[39m ({\n     \u001b[90m   |\u001b[39m      \u001b[31m\u001b[1m^\u001b[22m\u001b[39m\n     \u001b[90m 6 |\u001b[39m   \u001b[33mHelmet\u001b[39m\u001b[33m:\u001b[39m () \u001b[33m=>\u001b[39m \u001b[36mnull\u001b[39m\u001b[33m,\u001b[39m\n     \u001b[90m 7 |\u001b[39m }))\u001b[33m;\u001b[39m\n     \u001b[90m 8 |\u001b[39m\u001b[0m\n\n      \u001b[2mat Resolver.resolveModule (\u001b[22mnode_modules/jest-resolve/build/resolver.js\u001b[2m:324:11)\u001b[22m\n      \u001b[2mat Object.<anonymous> (\u001b[22msrc/setupTests.js\u001b[2m:5:6)\u001b[22m\n","name":"/Users/catherinepemblington/Documents/GitHub/web/web/src/tests/Web_design.test.js","startTime":1748737633643,"status":"failed","summary":""}],"wasInterrupted":false}