{"numFailedTestSuites":0,"numFailedTests":0,"numPassedTestSuites":5,"numPassedTests":7,"numPendingTestSuites":0,"numPendingTests":0,"numRuntimeErrorTestSuites":0,"numTodoTests":0,"numTotalTestSuites":5,"numTotalTests":7,"openHandles":[],"snapshot":{"added":0,"didUpdate":false,"failure":false,"filesAdded":0,"filesRemoved":0,"filesRemovedList":[],"filesUnmatched":0,"filesUpdated":0,"matched":0,"total":0,"unchecked":0,"uncheckedKeysByFile":[],"unmatched":0,"updated":0},"startTime":1748725575766,"success":true,"testResults":[{"assertionResults":[{"ancestorTitles":["WebDesignPage"],"failureMessages":[],"fullName":"WebDesignPage renders main heading and buttons","location":null,"status":"passed","title":"renders main heading and buttons"}],"endTime":1748725577487,"message":"","name":"/Users/catherinepemblington/Documents/GitHub/web/web/src/pages/Web_design.test.js","startTime":1748725576553,"status":"passed","summary":""},{"assertionResults":[{"ancestorTitles":["ContactPage Integration Tests"],"failureMessages":[],"fullName":"ContactPage Integration Tests renders contact form and submits successfully","location":null,"status":"passed","title":"renders contact form and submits successfully"},{"ancestorTitles":["ContactPage Integration Tests"],"failureMessages":[],"fullName":"ContactPage Integration Tests handles failed submission","location":null,"status":"passed","title":"handles failed submission"},{"ancestorTitles":["ContactPage Integration Tests"],"failureMessages":[],"fullName":"ContactPage Integration Tests handles network error","location":null,"status":"passed","title":"handles network error"}],"endTime":1748725577521,"message":"","name":"/Users/catherinepemblington/Documents/GitHub/web/web/src/pages/ContactPage.test.js","startTime":1748725576570,"status":"passed","summary":""},{"assertionResults":[{"ancestorTitles":["HomePage"],"failureMessages":[],"fullName":"HomePage renders main heading and buttons","location":null,"status":"passed","title":"renders main heading and buttons"}],"endTime":1748725577522,"message":"","name":"/Users/catherinepemblington/Documents/GitHub/web/web/src/pages/HomePage.test.js","startTime":1748725576581,"status":"passed","summary":""},{"assertionResults":[{"ancestorTitles":["AISolutionPage"],"failureMessages":[],"fullName":"AISolutionPage renders main heading and buttons","location":null,"status":"passed","title":"renders main heading and buttons"}],"endTime":1748725577529,"message":"","name":"/Users/catherinepemblington/Documents/GitHub/web/web/src/pages/AI_Solution.test.js","startTime":1748725576566,"status":"passed","summary":""},{"assertionResults":[{"ancestorTitles":[],"failureMessages":[],"fullName":"renders main heading and buttons","location":null,"status":"passed","title":"renders main heading and buttons"}],"endTime":1748725577673,"message":"","name":"/Users/catherinepemblington/Documents/GitHub/web/web/src/App.test.js","startTime":1748725576587,"status":"passed","summary":""}],"wasInterrupted":false}